Cheie: 5 valoare: Lista ingrediente pizza:
faina 300 0.03
ulei_masline 3 0.2
plic_drojdie 1 0.5
sos_marinara 20 0.2
arderi 50 0.04
masline 30 0.12
ciuperci 75 0.05
branza_tofu 40 0.03
oregano 30 0.013
Pret: 40.04
Distanta: 31

Cheie: 4 valoare: Lista ingrediente pizza:
faina 300 0.03
ulei_masline 3 0.2
plic_drojdie 1 0.5
sos_marinara 20 0.2
arderi 50 0.04
masline 30 0.12
ciuperci 75 0.05
branza_tofu 40 0.03
oregano 30 0.013
Pret: 40.04
Distanta: 31

Cheie: 3 valoare: Lista ingrediente pizza:
faina 300 0.03
ulei_masline 3 0.2
plic_drojdie 1 0.5
sos_marinara 20 0.2
arderi 50 0.04
masline 30 0.12
ciuperci 75 0.05
branza_tofu 40 0.03
oregano 30 0.013
Pret: 40.04
Distanta: 31

Cheie: 2 valoare: Lista ingrediente pizza:
faina 300 0.03
ulei_masline 3 0.2
plic_drojdie 1 0.5
sos_marinara 20 0.2
arderi 50 0.04
masline 30 0.12
ciuperci 75 0.05
branza_tofu 40 0.03
oregano 30 0.013
Pret: 40.04
Distanta: 31

Cheie: 1 valoare: Lista ingrediente pizza:
faina 300 0.03
ulei_masline 3 0.2
plic_drojdie 1 0.5
sos_marinara 20 0.2
arderi 50 0.04
masline 30 0.12
ciuperci 75 0.05
branza_tofu 40 0.03
oregano 30 0.013
Pret: 40.04
Distanta: 31

Cheie: 0 valoare: Lista ingrediente pizza:
faina 300 0.03
ulei_masline 3 0.2
plic_drojdie 1 0.5
sos_marinara 20 0.2
arderi 50 0.04
masline 30 0.12
ciuperci 75 0.05
branza_tofu 40 0.03
oregano 30 0.013
Pret: 40.04
Distanta: 31

Venit: 240.24
