Cheie: 8 valoare: Lista ingrediente pizza:
faina 350 0.01
drojdie 7 0.01
apa 240 0.02
lingurita_zahar 2 0.05
ulei_masline 2 0.06
lingurita_sare 1 0.001
gorngozola 100 0.05
mozzarella 120 0.4
parmezan 60 0.05
ricotta 100 0.03
rosii_pasate 160 0.03
oregano 2 0.3
Pret: 106.029
Distanta: 41

Cheie: 7 valoare: Lista ingrediente pizza:
faina 350 0.01
drojdie 7 0.01
apa 240 0.02
lingurita_zahar 2 0.05
ulei_masline 2 0.06
lingurita_sare 1 0.001
gorngozola 100 0.05
mozzarella 120 0.4
parmezan 60 0.05
ricotta 100 0.03
rosii_pasate 160 0.03
oregano 2 0.3
Pret: 106.029
Distanta: 41

Cheie: 6 valoare: Lista ingrediente pizza:
faina 300 0.03
ulei_masline 3 0.2
lingurita_zahar 1 0.05
plic_drojdie 1 0.5
sos_marinara 20 0.2
arderi 50 0.04
masline 30 0.12
ciuperci 75 0.05
branza_tofu 40 0.03
oregano 30 0.01
Pret: 42.4
Distanta: 12

Cheie: 5 valoare: Lista ingrediente pizza:
faina 300 0.03
ulei_masline 3 0.2
lingurita_zahar 1 0.05
plic_drojdie 1 0.5
sos_marinara 20 0.2
arderi 50 0.04
masline 30 0.12
ciuperci 75 0.05
branza_tofu 40 0.03
oregano 30 0.013
Pret: 44.3195
Distanta: 21.1

Cheie: 4 valoare: Lista ingrediente pizza:
faina 300 0.03
ulei_masline 3 0.2
lingurita_zahar 1 0.05
plic_drojdie 1 0.5
sos_marinara 20 0.2
arderi 50 0.04
masline 30 0.12
ciuperci 75 0.05
branza_tofu 40 0.03
oregano 30 0.013
Pret: 44.2995
Distanta: 21

Cheie: 3 valoare: Lista ingrediente pizza:
faina 300 0.03
ulei_masline 3 0.2
lingurita_zahar 1 0.05
plic_drojdie 1 0.5
sos_marinara 20 0.2
arderi 50 0.04
masline 30 0.12
ciuperci 75 0.05
branza_tofu 40 0.03
oregano 30 0.013
Pret: 42.4954
Distanta: 12

Cheie: 2 valoare: Lista ingrediente pizza:
faina 500 0.03
apa 280 0.01
drojdie 10 0.02
conserve_ton 2 3.3
mozzarella 200 0.08
rosii_cherry 200 0.01
rosii_pasate 200 0.05
masline 70 0.05
ulei_masline 3 0.9
sare 0.01 0.01
Pret: 81.1801
Distanta: 20

Cheie: 1 valoare: Lista ingrediente pizza:
faina 100 0.03
apa 280 0.01
drojdie 10 0.02
conserve_ton 2 3.3
mozzarella 200 0.08
rosii_cherry 200 0.01
rosii_pasate 200 0.05
masline 70 0.05
ulei_masline 3 0.9
sare 0.01 0.01
Pret: 67.9801
Distanta: 20

Cheie: 0 valoare: Lista ingrediente pizza:
faina 350 0.01
drojdie 7 0.01
apa 240 0.002
lingurita_zahar 2 0.05
ulei_masline 2 0.06
lingurita_sare 1 0.01
pulpa_rosii 400 0.02
masline 40 0.02
usturoi 3 1.5
rosii 70 0.05
busuioc 3 0.5
mozzarella 60 0.04
Pret: 42.5787
Distanta: 13

Venit: 577.312
